<?xml version="1.0" encoding="UTF-8"?>
<robot generator="Robot 3.1.0.dev1 (Python 3.6.5 on win32)" generated="20180502 12:49:08.432">
<suite id="s1" name="Robot 1" source="C:\Users\Z003xh9y\eclipse-workspace\Robot_1">
<suite id="s1-s1" name="testSuite1" source="C:\Users\Z003xh9y\eclipse-workspace\Robot_1\testSuite1.robot">
<test id="s1-s1-t1" name="tc1">
<kw name="Log" library="BuiltIn">
<doc>Logs the given message with the given level.</doc>
<arguments>
<arg>Hello World</arg>
</arguments>
<msg timestamp="20180502 12:49:08.894" level="INFO">Hello World</msg>
<status status="PASS" starttime="20180502 12:49:08.894" endtime="20180502 12:49:08.895"></status>
</kw>
<kw name="Open Browser" library="SeleniumLibrary">
<doc>Opens a new browser instance to the given ``url``.</doc>
<arguments>
<arg>https://www.google.co.in</arg>
<arg>Chrome</arg>
</arguments>
<msg timestamp="20180502 12:49:08.896" level="INFO">Opening browser 'Chrome' to base url 'https://www.google.co.in'.</msg>
<status status="PASS" starttime="20180502 12:49:08.896" endtime="20180502 12:49:17.510"></status>
</kw>
<kw name="Log" library="BuiltIn">
<doc>Logs the given message with the given level.</doc>
<arguments>
<arg>browser opened</arg>
</arguments>
<msg timestamp="20180502 12:49:17.512" level="INFO">browser opened</msg>
<status status="PASS" starttime="20180502 12:49:17.510" endtime="20180502 12:49:17.513"></status>
</kw>
<kw name="Close All Browsers" library="SeleniumLibrary">
<doc>Closes all open browsers and resets the browser cache.</doc>
<status status="PASS" starttime="20180502 12:49:17.513" endtime="20180502 12:49:19.655"></status>
</kw>
<doc>start tc1</doc>
<status status="PASS" starttime="20180502 12:49:08.893" endtime="20180502 12:49:19.657" critical="yes"></status>
</test>
<status status="PASS" starttime="20180502 12:49:08.558" endtime="20180502 12:49:19.660"></status>
</suite>
<status status="PASS" starttime="20180502 12:49:08.526" endtime="20180502 12:49:19.666"></status>
</suite>
<statistics>
<total>
<stat pass="1" fail="0">Critical Tests</stat>
<stat pass="1" fail="0">All Tests</stat>
</total>
<tag>
</tag>
<suite>
<stat pass="1" fail="0" id="s1" name="Robot 1">Robot 1</stat>
<stat pass="1" fail="0" id="s1-s1" name="testSuite1">Robot 1.testSuite1</stat>
</suite>
</statistics>
<errors>
</errors>
</robot>
